{
  "stats": {
    "suites": 1,
    "tests": 2,
    "passes": 2,
    "pending": 0,
    "failures": 0,
    "start": "2024-09-11T13:16:22.245Z",
    "end": "2024-09-11T13:16:35.465Z",
    "duration": 13220,
    "testsRegistered": 2,
    "passPercent": 100,
    "pendingPercent": 0,
    "other": 0,
    "hasOther": false,
    "skipped": 0,
    "hasSkipped": false
  },
  "results": [
    {
      "uuid": "ee72833a-607e-4b1f-a8f6-d31aa5682221",
      "title": "",
      "fullFile": "cypress\\e2e\\HomepageNavigation.cy.js",
      "file": "cypress\\e2e\\HomepageNavigation.cy.js",
      "beforeHooks": [],
      "afterHooks": [],
      "tests": [],
      "suites": [
        {
          "uuid": "2e8e82be-5707-463a-b6d5-291ca163112b",
          "title": "Homepage",
          "fullFile": "",
          "file": "",
          "beforeHooks": [],
          "afterHooks": [],
          "tests": [
            {
              "title": "should load the homepage correctly",
              "fullTitle": "Homepage should load the homepage correctly",
              "timedOut": null,
              "duration": 3809,
              "state": "passed",
              "speed": "fast",
              "pass": true,
              "fail": false,
              "pending": false,
              "context": null,
              "code": "cy.url().should('include', 'tricentis.com');\ncy.title().should('contain', 'Demo Web Shop');\ncy.get('p:nth-child(1)').should('be.visible');",
              "err": {},
              "uuid": "a6b8fc9f-8025-43b6-a4ab-f6c1b94cabc6",
              "parentUUID": "2e8e82be-5707-463a-b6d5-291ca163112b",
              "isHook": false,
              "skipped": false
            },
            {
              "title": "should display product categories",
              "fullTitle": "Homepage should display product categories",
              "timedOut": null,
              "duration": 1469,
              "state": "passed",
              "speed": "fast",
              "pass": true,
              "fail": false,
              "pending": false,
              "context": null,
              "code": "cy.get(\"div[class='block block-category-navigation'] strong\").should('have.text', 'Categories');\ncy.get(\"div[class='block block-category-navigation'] li:nth-child(1)\").should('be.visible');\ncy.get(\"div[class='block block-category-navigation'] li:nth-child(2)\").should('be.visible');\ncy.get(\"div[class='block block-category-navigation'] li:nth-child(3)\").should('be.visible');\ncy.get(\"div[class='block block-category-navigation'] li:nth-child(4)\").should('be.visible');\ncy.get(\"div[class='block block-category-navigation'] li:nth-child(5)\").should('be.visible');\ncy.get(\"div[class='block block-category-navigation'] li:nth-child(6)\").should('be.visible');\ncy.get(\"div[class='block block-category-navigation'] li:nth-child(7)\").should('be.visible');",
              "err": {},
              "uuid": "03ae51d6-cdd6-4a83-b20a-3e41cb5d3d94",
              "parentUUID": "2e8e82be-5707-463a-b6d5-291ca163112b",
              "isHook": false,
              "skipped": false
            }
          ],
          "suites": [],
          "passes": [
            "a6b8fc9f-8025-43b6-a4ab-f6c1b94cabc6",
            "03ae51d6-cdd6-4a83-b20a-3e41cb5d3d94"
          ],
          "failures": [],
          "pending": [],
          "skipped": [],
          "duration": 5278,
          "root": false,
          "rootEmpty": false,
          "_timeout": 2000
        }
      ],
      "passes": [],
      "failures": [],
      "pending": [],
      "skipped": [],
      "duration": 0,
      "root": true,
      "rootEmpty": true,
      "_timeout": 2000
    }
  ],
  "meta": {
    "mocha": {
      "version": "7.0.1"
    },
    "mochawesome": {
      "options": {
        "quiet": true,
        "reportFilename": "report",
        "saveHtml": false,
        "saveJson": true,
        "consoleReporter": "spec",
        "useInlineDiffs": false,
        "code": true
      },
      "version": "7.1.3"
    },
    "marge": {
      "options": {
        "reportDir": "cypress\\reports\\mochawesome-report\\.jsons",
        "reportFilename": "report",
        "quiet": true,
        "overwrite": false,
        "html": false,
        "json": true
      },
      "version": "6.2.0"
    }
  }
}