{
  "stats": {
    "suites": 1,
    "tests": 2,
    "passes": 2,
    "pending": 0,
    "failures": 0,
    "start": "2024-09-11T14:14:59.428Z",
    "end": "2024-09-11T14:15:12.500Z",
    "duration": 13072,
    "testsRegistered": 2,
    "passPercent": 100,
    "pendingPercent": 0,
    "other": 0,
    "hasOther": false,
    "skipped": 0,
    "hasSkipped": false
  },
  "results": [
    {
      "uuid": "77e0b014-bb29-4c4c-a6b7-4597c20dd14d",
      "title": "",
      "fullFile": "cypress\\e2e\\HomepageNavigation.cy.js",
      "file": "cypress\\e2e\\HomepageNavigation.cy.js",
      "beforeHooks": [],
      "afterHooks": [],
      "tests": [],
      "suites": [
        {
          "uuid": "7b3cecec-603f-4283-8e1f-179b5bb93192",
          "title": "Homepage",
          "fullFile": "",
          "file": "",
          "beforeHooks": [],
          "afterHooks": [],
          "tests": [
            {
              "title": "should load the homepage correctly",
              "fullTitle": "Homepage should load the homepage correctly",
              "timedOut": null,
              "duration": 4306,
              "state": "passed",
              "speed": "fast",
              "pass": true,
              "fail": false,
              "pending": false,
              "context": null,
              "code": "cy.url().should('include', 'tricentis.com');\ncy.title().should('contain', 'Demo Web Shop');\ncy.get('p:nth-child(1)').should('be.visible');",
              "err": {},
              "uuid": "48f1f769-861a-4ddb-b649-179fa7944a66",
              "parentUUID": "7b3cecec-603f-4283-8e1f-179b5bb93192",
              "isHook": false,
              "skipped": false
            },
            {
              "title": "should display product categories",
              "fullTitle": "Homepage should display product categories",
              "timedOut": null,
              "duration": 2539,
              "state": "passed",
              "speed": "fast",
              "pass": true,
              "fail": false,
              "pending": false,
              "context": null,
              "code": "cy.get(\"div[class='block block-category-navigation'] strong\").should('have.text', 'Categories');\ncy.get(\"div[class='block block-category-navigation'] li:nth-child(1)\").should('be.visible');\ncy.get(\"div[class='block block-category-navigation'] li:nth-child(2)\").should('be.visible');\ncy.get(\"div[class='block block-category-navigation'] li:nth-child(3)\").should('be.visible');\ncy.get(\"div[class='block block-category-navigation'] li:nth-child(4)\").should('be.visible');\ncy.get(\"div[class='block block-category-navigation'] li:nth-child(5)\").should('be.visible');\ncy.get(\"div[class='block block-category-navigation'] li:nth-child(6)\").should('be.visible');\ncy.get(\"div[class='block block-category-navigation'] li:nth-child(7)\").should('be.visible');",
              "err": {},
              "uuid": "02e39988-a8ed-45ed-bdae-c0cc27465fed",
              "parentUUID": "7b3cecec-603f-4283-8e1f-179b5bb93192",
              "isHook": false,
              "skipped": false
            }
          ],
          "suites": [],
          "passes": [
            "48f1f769-861a-4ddb-b649-179fa7944a66",
            "02e39988-a8ed-45ed-bdae-c0cc27465fed"
          ],
          "failures": [],
          "pending": [],
          "skipped": [],
          "duration": 6845,
          "root": false,
          "rootEmpty": false,
          "_timeout": 2000
        }
      ],
      "passes": [],
      "failures": [],
      "pending": [],
      "skipped": [],
      "duration": 0,
      "root": true,
      "rootEmpty": true,
      "_timeout": 2000
    }
  ],
  "meta": {
    "mocha": {
      "version": "7.0.1"
    },
    "mochawesome": {
      "options": {
        "quiet": true,
        "reportFilename": "report",
        "saveHtml": false,
        "saveJson": true,
        "consoleReporter": "spec",
        "useInlineDiffs": false,
        "code": true
      },
      "version": "7.1.3"
    },
    "marge": {
      "options": {
        "reportDir": "cypress\\reports\\mochawesome-report\\.jsons",
        "reportFilename": "report",
        "quiet": true,
        "overwrite": false,
        "html": false,
        "json": true
      },
      "version": "6.2.0"
    }
  }
}