{
  "stats": {
    "suites": 1,
    "tests": 2,
    "passes": 2,
    "pending": 0,
    "failures": 0,
    "start": "2024-09-11T13:05:30.332Z",
    "end": "2024-09-11T13:05:41.762Z",
    "duration": 11430,
    "testsRegistered": 2,
    "passPercent": 100,
    "pendingPercent": 0,
    "other": 0,
    "hasOther": false,
    "skipped": 0,
    "hasSkipped": false
  },
  "results": [
    {
      "uuid": "5a772ce4-737e-4e95-b158-a29c92812881",
      "title": "",
      "fullFile": "cypress\\e2e\\HomepageNavigation.cy.js",
      "file": "cypress\\e2e\\HomepageNavigation.cy.js",
      "beforeHooks": [],
      "afterHooks": [],
      "tests": [],
      "suites": [
        {
          "uuid": "fce39253-d07c-427d-8e32-1350b0253e3a",
          "title": "Homepage",
          "fullFile": "",
          "file": "",
          "beforeHooks": [],
          "afterHooks": [],
          "tests": [
            {
              "title": "should load the homepage correctly",
              "fullTitle": "Homepage should load the homepage correctly",
              "timedOut": null,
              "duration": 4010,
              "state": "passed",
              "speed": "fast",
              "pass": true,
              "fail": false,
              "pending": false,
              "context": null,
              "code": "cy.url().should('include', 'tricentis.com');\ncy.title().should('contain', 'Demo Web Shop');\ncy.get('p:nth-child(1)').should('be.visible');",
              "err": {},
              "uuid": "09bb521f-3e0b-480f-a62b-4613a245b21a",
              "parentUUID": "fce39253-d07c-427d-8e32-1350b0253e3a",
              "isHook": false,
              "skipped": false
            },
            {
              "title": "should display product categories",
              "fullTitle": "Homepage should display product categories",
              "timedOut": null,
              "duration": 1611,
              "state": "passed",
              "speed": "fast",
              "pass": true,
              "fail": false,
              "pending": false,
              "context": null,
              "code": "cy.get(\"div[class='block block-category-navigation'] strong\").should('have.text', 'Categories');\ncy.get(\"div[class='block block-category-navigation'] li:nth-child(1)\").should('be.visible');\ncy.get(\"div[class='block block-category-navigation'] li:nth-child(2)\").should('be.visible');\ncy.get(\"div[class='block block-category-navigation'] li:nth-child(3)\").should('be.visible');\ncy.get(\"div[class='block block-category-navigation'] li:nth-child(4)\").should('be.visible');\ncy.get(\"div[class='block block-category-navigation'] li:nth-child(5)\").should('be.visible');\ncy.get(\"div[class='block block-category-navigation'] li:nth-child(6)\").should('be.visible');\ncy.get(\"div[class='block block-category-navigation'] li:nth-child(7)\").should('be.visible');",
              "err": {},
              "uuid": "af2ce1ec-970f-4c15-8815-c9e2bd325350",
              "parentUUID": "fce39253-d07c-427d-8e32-1350b0253e3a",
              "isHook": false,
              "skipped": false
            }
          ],
          "suites": [],
          "passes": [
            "09bb521f-3e0b-480f-a62b-4613a245b21a",
            "af2ce1ec-970f-4c15-8815-c9e2bd325350"
          ],
          "failures": [],
          "pending": [],
          "skipped": [],
          "duration": 5621,
          "root": false,
          "rootEmpty": false,
          "_timeout": 2000
        }
      ],
      "passes": [],
      "failures": [],
      "pending": [],
      "skipped": [],
      "duration": 0,
      "root": true,
      "rootEmpty": true,
      "_timeout": 2000
    }
  ],
  "meta": {
    "mocha": {
      "version": "7.0.1"
    },
    "mochawesome": {
      "options": {
        "quiet": true,
        "reportFilename": "report",
        "saveHtml": false,
        "saveJson": true,
        "consoleReporter": "spec",
        "useInlineDiffs": false,
        "code": true
      },
      "version": "7.1.3"
    },
    "marge": {
      "options": {
        "reportDir": "cypress\\reports\\mochawesome-report\\.jsons",
        "reportFilename": "report",
        "quiet": true,
        "overwrite": false,
        "html": false,
        "json": true
      },
      "version": "6.2.0"
    }
  }
}